------------------------------------------
M.U.G.E.N ver 1.10 (2012.08.31) status log
------------------------------------------
Parsing command line...
Command line: mugen.exe -log -p1 -p2 -p1.ai -p2.ai -rounds -nosound
Parse command line OK
Initializing...
Allocating game variables
Reading configuration file...Setting language "en".
OK
Initializing timer...performance timer enabled...frequency 2435875...OK
Initializing keyboard...configuring...OK
Initializing input engine...OK
Initializing sound...sound is disabled
Initializing graphics...gameCoord 1280x720...render mode 2_20...trying 1280x720x32 mode 0x0...success...OK
Setting callbacks...OK
Initializing font...OK
Initializing game variables...OK
Session RNG seed is 1504395499
Loading system fonts...OK
Loading options...
Initializing pads...failed
Reinitializing input engine...OK
Remapping keys...OK
Reinitializing input engine...OK
Options loaded OK
Loading system...
  Load system file system.def...OK
  Load system spr...OK
  Load system fonts...OK
  Load system anim...OK
  Load [Title Info]...OK
  Load [Option Info]...OK
  Load [Select Info]...OK
  Load [VS Screen]...OK
  Load [Victory Screen]...OK
  Load [Demo Mode]...OK
  Load [Continue Screen]...OK
  Load [Game Over Screen]...OK
  Load [Win Screen]...OK
  Load [Survival Results Screen]...OK
  Load [Default Ending]...OK
  Load [End Credits]...OK
  Load TitleBG...VersusBG...VictoryBG...SelectBG...OptionBG...OK
  Loading fight data
    Opening fight data file data/mugen1/fight.def...OK
    Reading [Files]...OK
    Loading fonts...OK
    Load fight anim...OK
    Reading [Lifebar]...[Turns Lifebar]...[Simul Lifebar]...[Powerbar]...
    [Face]...[Simul Face]...[Turns Face]...
    [Name]...[Simul Name]...[Turns Name]...
    [Time]...[Combo]...[Round]...[WinIcon]...OK
    Allocating explods...OK
  Fight data loaded OK
Lua initing
Lua init complete
System loaded OK
Initialize OK
Set up graphics...timer...OK
Playing quick VS.

Entering gameflow loop
Gameflow 0
Gameflow 1
Gameflow 2
Initializing character info...OK
Gameflow 3
Gameflow 6
Reset persist vars team 0
Reset persist vars team 1
Gameflow 8
Gameflow 9
Gameflow 10
Gameflow 11
Loading match assets...
Loading stage...
  Loading BG...OK
Stage loaded OK
  Allocating helpers...OK
Match RNG seed: 2050175563
Reset persist vars team 0
Reset persist vars team 1
Loading character chars/dArwIn_G3_0b/dArwIn_G3_0b.def...
  Loading info...OK
  Loading cmd command set dArwIn_G3_0b.cmd...OK
  Loading cns kfm.cns...OK
  Loading cmd state entry dArwIn_G3_0b.cmd...OK
  Loading common states common1.cns...OK
  Loading sff kfm.sff...OK
  Loading anim kfm.air...OK
  Loading pals...OK
  Loading learned AI kfm.ai...Ignoring invalid AI file: kfm.ai
OK
  3126 expressions (1095 on trigger lines)
Character dArwIn_G3_0b.def loaded OK
New char dArwIn_G3_0b loaded into cache: (1/4 cached) Load time: 80.000ms
Loading character chars/Deadpool/Deadpool.def...
  Loading info...OK
  Loading cmd command set Deadpool.cmd...OK
  Loading cns Deadpool.cns...OK
  Loading cmd state entry Deadpool.cmd...OK
  Loading common states common1.cns...OK
  Loading sff Deadpool.sff...OK
  Loading anim Deadpool.air...OK
  Loading pals...(1,1)(1,2)(1,3)(1,4)(1,5)(1,6)OK
  SFF v1.01 palette hack engaged.
  11958 expressions (3582 on trigger lines)
Character Deadpool.def loaded OK
New char Deadpool loaded into cache: (2/4 cached) Load time: 680.000ms
Resetting round
Match assets initialized OK
Game loop init
Match loop init
CloseWindow event forced common loop quit.
End of match loop
Total time: 28.25s
Total frames: 2110 	Skipped frames: 0
Avg game rate: 74.69
Avg frame rate: 74.69

Finishing match
Freeing players
Save persist vars P56 dArwIn_G3_0b
Player dArwIn_G3_0b cache count reduced: 0
Save persist vars P57 Deadpool
Player Deadpool cache count reduced: 0
Match RNG closed
Game loop deinit
Returned from gameflow loop
Deinitializing...
Frames      : 2110
Time elapsed: 29.100 sec
ticks: 2910, tps: 100, start 198, end 3108

Unloading match assets
Freeing players
Unloading stage...OK
Clearing player cache...Freeing player RC dArwIn_G3_0b...CMD...CNS...SFF...AIR...SND...Misc...OK
Freeing player RC Deadpool...CMD...CNS...SFF...AIR...SND...Misc...OK
OK
Freeing character info...OK
Freeing fight data...OK
Freeing system data...OK
Freeing game variables...Unloading match assets
Freeing players
OK
Deinitializing input...pad...keyboard...OK
Removing callbacks...OK
Deintializing timer...OK
Deinitializing graphics...OK
Deinitializing BGM...OK
Deinitializing sound...OK
Successful program termination.

Log file successfully closed.
